{"uid":"a4794eac75a14fe5","name":"User can update their dob","fullName":"reqnroll-c#-bdd/Features/: My Info Feature/User can update their dob","historyId":"39e3abe16d8598102031866c3ff05489","time":{"start":1750163183919,"stop":1750163205567,"duration":21648},"status":"failed","statusMessage":"  String lengths are both 10. Strings differ at index 5.\r\n  Expected: \"2000-12-25\"\r\n  But was:  \"2000-25-12\"\r\n  ----------------^\r\n","statusTrace":"NUnit.Framework.AssertionException:   String lengths are both 10. Strings differ at index 5.\r\n  Expected: \"2000-12-25\"\r\n  But was:  \"2000-25-12\"\r\n  ----------------^\r\n\r\n   at NUnit.Framework.Assert.ReportFailure(String message)\r\n   at NUnit.Framework.Assert.ReportFailure(ConstraintResult result, String message, Object[] args)\r\n   at NUnit.Framework.Assert.That[TActual](TActual actual, IResolveConstraint expression, String message, Object[] args)\r\n   at NUnit.Framework.Assert.That[TActual](TActual actual, IResolveConstraint expression)\r\n   at reqnroll_c__bdd.StepDefinitions.MyInfoStep.ThenTheNewDateOfBirthShouldBeSavedSuccessfully() in C:\\Users\\m.jawed-ad\\e2e-automation\\reqnroll-bdd-automation\\StepDefinitions\\MyInfoStep.cs:line 52\r\n   at InvokeStub_Action`1.Invoke(Object, Span`1)\r\n   at System.Reflection.MethodBaseInvoker.InvokeWithOneArg(Object obj, BindingFlags invokeAttr, Binder binder, Object[] parameters, CultureInfo culture)\r\n--- End of stack trace from previous location ---\r\n   at Reqnroll.Bindings.BindingInvoker.InvokeBindingAsync(IBinding binding, IContextManager contextManager, Object[] arguments, ITestTracer testTracer, DurationHolder durationHolder)\r\n   at Reqnroll.Infrastructure.TestExecutionEngine.ExecuteStepMatchAsync(BindingMatch match, Object[] arguments, DurationHolder durationHolder)\r\n   at Reqnroll.Infrastructure.TestExecutionEngine.ExecuteStepAsync(IContextManager contextManager, StepInstance stepInstance)\r\n   at Reqnroll.Infrastructure.TestExecutionEngine.OnAfterLastStepAsync()\r\n   at Reqnroll.TestRunner.CollectScenarioErrorsAsync()\r\n   at Allure.ReqnrollPlugin.SelectiveRun.TestPlanAwareTestRunner.CollectScenarioErrorsAsync()\r\n   at reqnroll_c__bdd.Features.MyInfoFeatureFeature.ScenarioCleanupAsync()\r\n   at reqnroll_c__bdd.Features.MyInfoFeatureFeature.UserCanUpdateTheirDob() in C:\\Users\\m.jawed-ad\\e2e-automation\\reqnroll-bdd-automation\\Features\\MyInfo.feature:line 9\r\n   at NUnit.Framework.Internal.TaskAwaitAdapter.GenericAdapter`1.GetResult()\r\n   at NUnit.Framework.Internal.AsyncToSyncAdapter.Await(Func`1 invoke)\r\n   at NUnit.Framework.Internal.Commands.TestMethodCommand.RunTestMethod(TestExecutionContext context)\r\n   at NUnit.Framework.Internal.Commands.TestMethodCommand.Execute(TestExecutionContext context)\r\n   at NUnit.Framework.Internal.Commands.BeforeAndAfterTestCommand.<>c__DisplayClass1_0.<Execute>b__0()\r\n   at NUnit.Framework.Internal.Commands.DelegatingTestCommand.RunTestMethodInThreadAbortSafeZone(TestExecutionContext context, Action action)","flaky":false,"newFailed":false,"newBroken":false,"newPassed":false,"retriesCount":0,"retriesStatusChange":false,"beforeStages":[{"name":"GlobalHooks.InitializeFeature(FeatureContext)","time":{"start":1750163181923,"stop":1750163181931,"duration":8},"status":"passed","steps":[],"attachments":[],"parameters":[],"shouldDisplayMessage":false,"stepsCount":0,"attachmentsCount":0,"hasContent":false,"attachmentStep":false},{"name":"GlobalHooks.InitializeScenario()","time":{"start":1750163181950,"stop":1750163183919,"duration":1969},"status":"passed","steps":[],"attachments":[],"parameters":[],"shouldDisplayMessage":false,"stepsCount":0,"attachmentsCount":0,"hasContent":false,"attachmentStep":false}],"testStage":{"status":"failed","statusMessage":"  String lengths are both 10. Strings differ at index 5.\r\n  Expected: \"2000-12-25\"\r\n  But was:  \"2000-25-12\"\r\n  ----------------^\r\n","statusTrace":"NUnit.Framework.AssertionException:   String lengths are both 10. Strings differ at index 5.\r\n  Expected: \"2000-12-25\"\r\n  But was:  \"2000-25-12\"\r\n  ----------------^\r\n\r\n   at NUnit.Framework.Assert.ReportFailure(String message)\r\n   at NUnit.Framework.Assert.ReportFailure(ConstraintResult result, String message, Object[] args)\r\n   at NUnit.Framework.Assert.That[TActual](TActual actual, IResolveConstraint expression, String message, Object[] args)\r\n   at NUnit.Framework.Assert.That[TActual](TActual actual, IResolveConstraint expression)\r\n   at reqnroll_c__bdd.StepDefinitions.MyInfoStep.ThenTheNewDateOfBirthShouldBeSavedSuccessfully() in C:\\Users\\m.jawed-ad\\e2e-automation\\reqnroll-bdd-automation\\StepDefinitions\\MyInfoStep.cs:line 52\r\n   at InvokeStub_Action`1.Invoke(Object, Span`1)\r\n   at System.Reflection.MethodBaseInvoker.InvokeWithOneArg(Object obj, BindingFlags invokeAttr, Binder binder, Object[] parameters, CultureInfo culture)\r\n--- End of stack trace from previous location ---\r\n   at Reqnroll.Bindings.BindingInvoker.InvokeBindingAsync(IBinding binding, IContextManager contextManager, Object[] arguments, ITestTracer testTracer, DurationHolder durationHolder)\r\n   at Reqnroll.Infrastructure.TestExecutionEngine.ExecuteStepMatchAsync(BindingMatch match, Object[] arguments, DurationHolder durationHolder)\r\n   at Reqnroll.Infrastructure.TestExecutionEngine.ExecuteStepAsync(IContextManager contextManager, StepInstance stepInstance)\r\n   at Reqnroll.Infrastructure.TestExecutionEngine.OnAfterLastStepAsync()\r\n   at Reqnroll.TestRunner.CollectScenarioErrorsAsync()\r\n   at Allure.ReqnrollPlugin.SelectiveRun.TestPlanAwareTestRunner.CollectScenarioErrorsAsync()\r\n   at reqnroll_c__bdd.Features.MyInfoFeatureFeature.ScenarioCleanupAsync()\r\n   at reqnroll_c__bdd.Features.MyInfoFeatureFeature.UserCanUpdateTheirDob() in C:\\Users\\m.jawed-ad\\e2e-automation\\reqnroll-bdd-automation\\Features\\MyInfo.feature:line 9\r\n   at NUnit.Framework.Internal.TaskAwaitAdapter.GenericAdapter`1.GetResult()\r\n   at NUnit.Framework.Internal.AsyncToSyncAdapter.Await(Func`1 invoke)\r\n   at NUnit.Framework.Internal.Commands.TestMethodCommand.RunTestMethod(TestExecutionContext context)\r\n   at NUnit.Framework.Internal.Commands.TestMethodCommand.Execute(TestExecutionContext context)\r\n   at NUnit.Framework.Internal.Commands.BeforeAndAfterTestCommand.<>c__DisplayClass1_0.<Execute>b__0()\r\n   at NUnit.Framework.Internal.Commands.DelegatingTestCommand.RunTestMethodInThreadAbortSafeZone(TestExecutionContext context, Action action)","steps":[{"name":"Given the user is logged into the app","time":{"start":1750163183924,"stop":1750163189916,"duration":5992},"status":"passed","steps":[],"attachments":[],"parameters":[],"shouldDisplayMessage":false,"stepsCount":0,"attachmentsCount":0,"hasContent":false,"attachmentStep":false},{"name":"When the user updates their date of birth","time":{"start":1750163189917,"stop":1750163193590,"duration":3673},"status":"passed","steps":[],"attachments":[],"parameters":[],"shouldDisplayMessage":false,"stepsCount":0,"attachmentsCount":0,"hasContent":false,"attachmentStep":false},{"name":"When the user clicks on the save button","time":{"start":1750163193592,"stop":1750163205524,"duration":11932},"status":"passed","steps":[],"attachments":[],"parameters":[],"shouldDisplayMessage":false,"stepsCount":0,"attachmentsCount":0,"hasContent":false,"attachmentStep":false},{"name":"Then the new date of birth should be saved successfully","time":{"start":1750163205525,"stop":1750163205559,"duration":34},"status":"failed","statusMessage":"  String lengths are both 10. Strings differ at index 5.\r\n  Expected: \"2000-12-25\"\r\n  But was:  \"2000-25-12\"\r\n  ----------------^\r\n","statusTrace":"NUnit.Framework.AssertionException:   String lengths are both 10. Strings differ at index 5.\r\n  Expected: \"2000-12-25\"\r\n  But was:  \"2000-25-12\"\r\n  ----------------^\r\n\r\n   at NUnit.Framework.Assert.ReportFailure(String message)\r\n   at NUnit.Framework.Assert.ReportFailure(ConstraintResult result, String message, Object[] args)\r\n   at NUnit.Framework.Assert.That[TActual](TActual actual, IResolveConstraint expression, String message, Object[] args)\r\n   at NUnit.Framework.Assert.That[TActual](TActual actual, IResolveConstraint expression)\r\n   at reqnroll_c__bdd.StepDefinitions.MyInfoStep.ThenTheNewDateOfBirthShouldBeSavedSuccessfully() in C:\\Users\\m.jawed-ad\\e2e-automation\\reqnroll-bdd-automation\\StepDefinitions\\MyInfoStep.cs:line 52\r\n   at InvokeStub_Action`1.Invoke(Object, Span`1)\r\n   at System.Reflection.MethodBaseInvoker.InvokeWithOneArg(Object obj, BindingFlags invokeAttr, Binder binder, Object[] parameters, CultureInfo culture)\r\n--- End of stack trace from previous location ---\r\n   at Reqnroll.Bindings.BindingInvoker.InvokeBindingAsync(IBinding binding, IContextManager contextManager, Object[] arguments, ITestTracer testTracer, DurationHolder durationHolder)\r\n   at Reqnroll.Infrastructure.TestExecutionEngine.ExecuteStepMatchAsync(BindingMatch match, Object[] arguments, DurationHolder durationHolder)\r\n   at Reqnroll.Infrastructure.TestExecutionEngine.ExecuteStepAsync(IContextManager contextManager, StepInstance stepInstance)","steps":[],"attachments":[],"parameters":[],"shouldDisplayMessage":true,"stepsCount":0,"attachmentsCount":0,"hasContent":true,"attachmentStep":false}],"attachments":[],"parameters":[],"shouldDisplayMessage":false,"stepsCount":4,"attachmentsCount":0,"hasContent":true,"attachmentStep":false},"afterStages":[{"name":"GlobalHooks.CleanupScenario()","time":{"start":1750163205572,"stop":1750163205810,"duration":238},"status":"passed","steps":[],"attachments":[],"parameters":[],"shouldDisplayMessage":false,"stepsCount":0,"attachmentsCount":0,"hasContent":false,"attachmentStep":false}],"labels":[{"name":"host","value":"TEST-V-ADV-01-I"},{"name":"thread","value":"NonParallelWorker"},{"name":"language","value":"C#"},{"name":"framework","value":"Reqnroll"},{"name":"package","value":"Features.: My Info Feature"},{"name":"feature","value":": My Info Feature"},{"name":"tag","value":"smoke"},{"name":"resultFormat","value":"allure2"}],"parameters":[],"links":[],"hidden":true,"retry":true,"extra":{"categories":[],"tags":["smoke"]},"source":"a4794eac75a14fe5.json","parameterValues":[]}